<?xml version="1.0" encoding="UTF-8"?>
<testng-results skipped="0" failed="0" total="1" passed="1">
  <reporter-output>
  </reporter-output>
  <suite name="ChromeSuite" duration-ms="12315" started-at="2018-02-02T05:38:58Z" finished-at="2018-02-02T05:39:10Z">
    <groups>
    </groups>
    <test name="TestMainPage" duration-ms="12315" started-at="2018-02-02T05:38:58Z" finished-at="2018-02-02T05:39:10Z">
      <class name="BNZTesnNGPak.BNZTestNGs">
        <test-method status="PASS" signature="testMainPage()[pri:0, instance:BNZTesnNGPak.BNZTestNGs@50c87b21]" name="testMainPage" duration-ms="12294" started-at="2018-02-02T18:38:58Z" finished-at="2018-02-02T18:39:10Z">
          <reporter-output>
          </reporter-output>
        </test-method> <!-- testMainPage -->
      </class> <!-- BNZTesnNGPak.BNZTestNGs -->
    </test> <!-- TestMainPage -->
  </suite> <!-- ChromeSuite -->
</testng-results>
